<?xml version="1.0" encoding="UTF-8"?>
<!-- Generated by org.testng.reporters.JUnitReportReporter -->
<testsuite hostname="DESKTOP-26A9125" failures="0" tests="1" name="test" time="0.010" errors="0" timestamp="2022-10-08T12:02:01 CEST" skipped="0">
  <testcase classname="test" name="test1" time="0.010"/>
  <system-out/>
</testsuite> <!-- test -->
